<?xml version="1.0" encoding="UTF-8"?>
<testsuite name="ParcelTest" tests="2" skipped="0" failures="0" errors="0" timestamp="2016-02-15T22:59:00" hostname="epicodus-60.local" time="0.002">
  <properties/>
  <testcase name="newParcel_calculateVolume_16" classname="ParcelTest" time="0.001"/>
  <testcase name="newParcel_instantiatesParcelCorrectly" classname="ParcelTest" time="0.0"/>
  <system-out><![CDATA[]]></system-out>
  <system-err><![CDATA[]]></system-err>
</testsuite>
